[2019-10-25T13:42:43.466][ INFO  9728  index] connect before
[2019-10-25T13:45:57.732][ INFO  14424  index] connect before
[2019-10-25T14:18:01.665][ INFO  2860  index] connect before
[2019-10-25T14:22:19.159][ INFO  16196  index] connect before
[2019-10-25T14:22:25.349][ INFO  16196  index] connect before
[2019-10-25T14:24:09.624][ INFO  11116  index] connect before
[2019-10-25T14:24:10.480][ INFO  11116  index] connect before
[2019-10-25T14:24:10.681][ INFO  11116  index] connect before
[2019-10-25T14:24:10.867][ INFO  11116  index] connect before
[2019-10-25T14:24:11.040][ INFO  11116  index] connect before
[2019-10-25T14:24:11.209][ INFO  11116  index] connect before
[2019-10-25T14:25:06.117][ INFO  2420  index] connect before
[2019-10-25T14:25:06.121][ INFO  2420  index] result Db {
  _events: [Object: null prototype] {},
  _eventsCount: 0,
  _maxListeners: undefined,
  s:
   { dbCache: {},
     children: [],
     topology:
      Server {
        _events: [Object],
        _eventsCount: 25,
        _maxListeners: Infinity,
        clientInfo: [Object],
        s: [Object] },
     options: { retryWrites: true, promiseLibrary: [Function: Promise] },
     logger: Logger { className: 'Db' },
     bson: BSON {},
     readPreference: null,
     bufferMaxEntries: -1,
     parentDb: null,
     pkFactory: undefined,
     nativeParser: undefined,
     promiseLibrary: [Function: Promise],
     noListener: false,
     readConcern: undefined,
     writeConcern: undefined,
     namespace: MongoDBNamespace { db: 'test', collection: undefined } },
  serverConfig: [Getter],
  bufferMaxEntries: [Getter],
  databaseName: [Getter] }
[2019-10-25T14:26:31.722][ INFO  11124  index] connect before
[2019-10-25T14:29:08.640][ INFO  12412  index] connect before
[2019-10-25T14:29:49.620][ INFO  2308  index] connect before
[2019-10-25T14:29:49.623][ INFO  2308  index] result Db {
  _events: [Object: null prototype] {},
  _eventsCount: 0,
  _maxListeners: undefined,
  s:
   { dbCache: {},
     children: [],
     topology:
      Server {
        _events: [Object],
        _eventsCount: 25,
        _maxListeners: Infinity,
        clientInfo: [Object],
        s: [Object] },
     options: { retryWrites: true, promiseLibrary: [Function: Promise] },
     logger: Logger { className: 'Db' },
     bson: BSON {},
     readPreference: null,
     bufferMaxEntries: -1,
     parentDb: null,
     pkFactory: undefined,
     nativeParser: undefined,
     promiseLibrary: [Function: Promise],
     noListener: false,
     readConcern: undefined,
     writeConcern: undefined,
     namespace: MongoDBNamespace { db: 'test', collection: undefined } },
  serverConfig: [Getter],
  bufferMaxEntries: [Getter],
  databaseName: [Getter] }
[2019-10-25T14:33:15.424][ INFO  16312  index] connect before
[2019-10-25T14:57:58.089][ INFO  14732  index] connect before
[2019-10-25T15:06:01.432][ INFO  11552  index] connect before
[2019-10-25T15:06:05.648][ INFO  11552  index] connect before
[2019-10-25T15:07:02.940][ INFO  11552  index] connect before
[2019-10-25T15:08:55.164][ INFO  12016  index] connect before
[2019-10-25T15:15:24.236][ INFO  6320  index] connect before
[2019-10-25T15:20:36.770][ INFO  17140  index] connect before
[2019-10-25T15:27:01.815][ INFO  3444  index] connect before
[2019-10-25T15:27:02.943][ INFO  3444  index] connect before
[2019-10-25T15:35:32.436][ INFO  16412  index] connect before
[2019-10-25T15:35:53.466][ INFO  16852  index] connect before
[2019-10-25T15:41:04.186][ INFO  17380  index] connect before
[2019-10-25T15:41:29.713][ INFO  12792  index] connect before
[2019-10-25T15:41:32.939][ INFO  12792  index] connect before
[2019-10-25T15:41:50.490][ INFO  12792  index] connect before
[2019-10-25T17:18:48.459][ INFO  17100  index] connect before
[2019-10-25T17:25:56.381][ INFO  15388  index] connect before
[2019-10-25T17:26:25.548][ INFO  9476  index] connect before
[2019-10-25T17:44:02.534][ INFO  5128  index] connect before
[2019-10-25T17:44:06.060][ INFO  5128  index] connect before
[2019-10-25T18:15:20.642][ INFO  8696  index] connect before
[2019-10-25T18:15:56.137][ INFO  8696  index] connect before
[2019-10-25T18:22:52.520][ INFO  9320  index] connect before
